<?xml version="1.0" encoding="UTF-8"?>
<!-- Generated by org.testng.reporters.JUnitReportReporter -->
<testsuite skipped="0" hostname="C02DT14PMD6T" name="tests.ElementsTests" tests="1" failures="0" timestamp="2022-12-27T16:00:09 PST" time="4.708" errors="0">
  <testcase name="checkElementsInCart" time="4.708" classname="tests.ElementsTests"/>
  <system-out/>
</testsuite> <!-- tests.ElementsTests -->
