<?xml version="1.0" encoding="UTF-8"?>
<!-- Generated by org.testng.reporters.JUnitReportReporter -->
<testsuite skipped="0" hostname="C02DT14PMD6T" name="tests.ElementsTests" tests="1" failures="0" timestamp="2022-12-27T15:51:45 PST" time="2.217" errors="0">
  <testcase name="checkCategoriesHomePage" time="2.217" classname="tests.ElementsTests"/>
  <system-out/>
</testsuite> <!-- tests.ElementsTests -->
